  Character.cpp
D:\TeamPuz\TeamPuz\PuzEngine\PuzEngine\Math.h(19,10): fatal error C1083: Cannot open include file: 'math.h': No such file or directory
  Debug.cpp
D:\TeamPuz\TeamPuz\PuzEngine\PuzEngine\Debug.h(16,10): fatal error C1083: Cannot open include file: 'windows.h': No such file or directory
  HighConcept.cpp
D:\TeamPuz\TeamPuz\PuzEngine\PuzEngine\Debug.h(16,10): fatal error C1083: Cannot open include file: 'windows.h': No such file or directory
  Lever.cpp
D:\TeamPuz\TeamPuz\PuzEngine\PuzEngine\Math.h(19,10): fatal error C1083: Cannot open include file: 'math.h': No such file or directory
  Logo.cpp
D:\TeamPuz\TeamPuz\PuzEngine\PuzEngine\Debug.h(16,10): fatal error C1083: Cannot open include file: 'windows.h': No such file or directory
  Lose.cpp
D:\TeamPuz\TeamPuz\PuzEngine\PuzEngine\Debug.h(16,10): fatal error C1083: Cannot open include file: 'windows.h': No such file or directory
  Lv1.cpp
D:\TeamPuz\TeamPuz\PuzEngine\PuzEngine\Math.h(19,10): fatal error C1083: Cannot open include file: 'math.h': No such file or directory
  Main.cpp
D:\TeamPuz\TeamPuz\PuzEngine\PuzEngine\Main.cpp(5,10): fatal error C1083: Cannot open include file: 'stdlib.h': No such file or directory
  Math.cpp
D:\TeamPuz\TeamPuz\PuzEngine\PuzEngine\Math.h(19,10): fatal error C1083: Cannot open include file: 'math.h': No such file or directory
  Menu.cpp
D:\TeamPuz\TeamPuz\PuzEngine\PuzEngine\Debug.h(16,10): fatal error C1083: Cannot open include file: 'windows.h': No such file or directory
  MileStone.cpp
D:\TeamPuz\TeamPuz\PuzEngine\PuzEngine\Debug.h(16,10): fatal error C1083: Cannot open include file: 'windows.h': No such file or directory
  Physics.cpp
D:\TeamPuz\TeamPuz\PuzEngine\PuzEngine\Math.h(19,10): fatal error C1083: Cannot open include file: 'math.h': No such file or directory
  PuzApp.cpp
D:\TeamPuz\TeamPuz\PuzEngine\PuzEngine\PuzApp.cpp(13,10): fatal error C1083: Cannot open include file: 'Windows.h': No such file or directory
  PuzGetWMinfo.cpp
D:\TeamPuz\TeamPuz\PuzEngine\PuzEngine\SoundManager.h(20,10): fatal error C1083: Cannot open include file: 'windows.h': No such file or directory
  PuzGraphics.cpp
D:\TeamPuz\TeamPuz\PuzEngine\PuzEngine\SoundManager.h(20,10): fatal error C1083: Cannot open include file: 'windows.h': No such file or directory
  PuzInput.cpp
D:\TeamPuz\TeamPuz\PuzEngine\PuzEngine\PuzInput.h(16,9): fatal error C1083: Cannot open include file: 'Windows.h': No such file or directory
  PuzLoadTexture.cpp
D:\TeamPuz\TeamPuz\PuzEngine\PuzEngine\SoundManager.h(20,10): fatal error C1083: Cannot open include file: 'windows.h': No such file or directory
  PuzStateManager.cpp
D:\TeamPuz\TeamPuz\PuzEngine\PuzEngine\PuzStateManager.cpp(13,10): fatal error C1083: Cannot open include file: 'Windows.h': No such file or directory
  GraphicComponent.h
D:\TeamPuz\TeamPuz\PuzEngine\Include\SDL_platform.h(121,10): fatal error C1083: Cannot open include file: 'winapifamily.h': No such file or directory
  PuzTimer.cpp
D:\TeamPuz\TeamPuz\PuzEngine\PuzEngine\PuzTimer.h(16,10): fatal error C1083: Cannot open include file: 'windows.h': No such file or directory
  Generating Code...
  Compiling...
  ShutDown.cpp
D:\TeamPuz\TeamPuz\PuzEngine\PuzEngine\Debug.h(16,10): fatal error C1083: Cannot open include file: 'windows.h': No such file or directory
  SoundManager.cpp
D:\TeamPuz\TeamPuz\PuzEngine\PuzEngine\SoundManager.h(20,10): fatal error C1083: Cannot open include file: 'windows.h': No such file or directory
  Tile.cpp
D:\TeamPuz\TeamPuz\PuzEngine\PuzEngine\Math.h(19,10): fatal error C1083: Cannot open include file: 'math.h': No such file or directory
  TileCreator.cpp
D:\TeamPuz\TeamPuz\PuzEngine\PuzEngine\Component.h(19,10): fatal error C1083: Cannot open include file: 'string': No such file or directory
  TileEntity.cpp
D:\TeamPuz\TeamPuz\PuzEngine\PuzEngine\TileEntity.h(20,10): fatal error C1083: Cannot open include file: 'string': No such file or directory
  TileFactory.cpp
D:\TeamPuz\TeamPuz\PuzEngine\PuzEngine\TileFactory.h(21,10): fatal error C1083: Cannot open include file: 'string': No such file or directory
  Village.cpp
D:\TeamPuz\TeamPuz\PuzEngine\PuzEngine\SoundManager.h(20,10): fatal error C1083: Cannot open include file: 'windows.h': No such file or directory
  WhatWeDid.cpp
D:\TeamPuz\TeamPuz\PuzEngine\PuzEngine\Debug.h(16,10): fatal error C1083: Cannot open include file: 'windows.h': No such file or directory
  Win.cpp
D:\TeamPuz\TeamPuz\PuzEngine\PuzEngine\Debug.h(16,10): fatal error C1083: Cannot open include file: 'windows.h': No such file or directory
  Generating Code...
