C:\USERS\STUDENT\DESKTOP\NEW FOLDER\TEAMPUZ\PUZENGINE\PUZENGINE\DEBUG\CAMERA.OBJ
C:\USERS\STUDENT\DESKTOP\NEW FOLDER\TEAMPUZ\PUZENGINE\PUZENGINE\DEBUG\CHARACTER.OBJ
C:\Users\Student\Desktop\New folder\TeamPuz\PuzEngine\PuzEngine\Debug\cl.command.1.tlog
C:\Users\Student\Desktop\New folder\TeamPuz\PuzEngine\PuzEngine\Debug\CL.read.1.tlog
C:\Users\Student\Desktop\New folder\TeamPuz\PuzEngine\PuzEngine\Debug\CL.write.1.tlog
C:\USERS\STUDENT\DESKTOP\NEW FOLDER\TEAMPUZ\PUZENGINE\PUZENGINE\DEBUG\DEBUG.OBJ
C:\USERS\STUDENT\DESKTOP\NEW FOLDER\TEAMPUZ\PUZENGINE\PUZENGINE\DEBUG\GRAPHICCOMPONENT.OBJ
C:\USERS\STUDENT\DESKTOP\NEW FOLDER\TEAMPUZ\PUZENGINE\PUZENGINE\DEBUG\HIGHCONCEPT.OBJ
C:\USERS\STUDENT\DESKTOP\NEW FOLDER\TEAMPUZ\PUZENGINE\PUZENGINE\DEBUG\LEVER.OBJ
C:\USERS\STUDENT\DESKTOP\NEW FOLDER\TEAMPUZ\PUZENGINE\PUZENGINE\DEBUG\LOGO.OBJ
C:\USERS\STUDENT\DESKTOP\NEW FOLDER\TEAMPUZ\PUZENGINE\PUZENGINE\DEBUG\LOSE.OBJ
C:\USERS\STUDENT\DESKTOP\NEW FOLDER\TEAMPUZ\PUZENGINE\PUZENGINE\DEBUG\MAIN.OBJ
C:\USERS\STUDENT\DESKTOP\NEW FOLDER\TEAMPUZ\PUZENGINE\PUZENGINE\DEBUG\MATH.OBJ
C:\USERS\STUDENT\DESKTOP\NEW FOLDER\TEAMPUZ\PUZENGINE\PUZENGINE\DEBUG\MENU.OBJ
C:\USERS\STUDENT\DESKTOP\NEW FOLDER\TEAMPUZ\PUZENGINE\PUZENGINE\DEBUG\MILESTONE.OBJ
C:\USERS\STUDENT\DESKTOP\NEW FOLDER\TEAMPUZ\PUZENGINE\PUZENGINE\DEBUG\PHYSICS.OBJ
C:\USERS\STUDENT\DESKTOP\NEW FOLDER\TEAMPUZ\PUZENGINE\PUZENGINE\DEBUG\PUZAPP.OBJ
C:\Users\Student\Desktop\New folder\TeamPuz\PuzEngine\PuzEngine\Debug\PuzEngine.write.1.tlog
C:\USERS\STUDENT\DESKTOP\NEW FOLDER\TEAMPUZ\PUZENGINE\PUZENGINE\DEBUG\PUZGETWMINFO.OBJ
C:\USERS\STUDENT\DESKTOP\NEW FOLDER\TEAMPUZ\PUZENGINE\PUZENGINE\DEBUG\PUZGRAPHICS.OBJ
C:\USERS\STUDENT\DESKTOP\NEW FOLDER\TEAMPUZ\PUZENGINE\PUZENGINE\DEBUG\PUZINPUT.OBJ
C:\USERS\STUDENT\DESKTOP\NEW FOLDER\TEAMPUZ\PUZENGINE\PUZENGINE\DEBUG\PUZLOADTEXTURE.OBJ
C:\USERS\STUDENT\DESKTOP\NEW FOLDER\TEAMPUZ\PUZENGINE\PUZENGINE\DEBUG\PUZSTATEMANAGER.OBJ
C:\USERS\STUDENT\DESKTOP\NEW FOLDER\TEAMPUZ\PUZENGINE\PUZENGINE\DEBUG\PUZTIMER.OBJ
C:\USERS\STUDENT\DESKTOP\NEW FOLDER\TEAMPUZ\PUZENGINE\PUZENGINE\DEBUG\SHUTDOWN.OBJ
C:\USERS\STUDENT\DESKTOP\NEW FOLDER\TEAMPUZ\PUZENGINE\PUZENGINE\DEBUG\SOUNDMANAGER.OBJ
C:\USERS\STUDENT\DESKTOP\NEW FOLDER\TEAMPUZ\PUZENGINE\PUZENGINE\DEBUG\STAIR.OBJ
C:\USERS\STUDENT\DESKTOP\NEW FOLDER\TEAMPUZ\PUZENGINE\PUZENGINE\DEBUG\TILE.OBJ
C:\USERS\STUDENT\DESKTOP\NEW FOLDER\TEAMPUZ\PUZENGINE\PUZENGINE\DEBUG\TILECREATOR.OBJ
C:\USERS\STUDENT\DESKTOP\NEW FOLDER\TEAMPUZ\PUZENGINE\PUZENGINE\DEBUG\TILEENTITY.OBJ
C:\USERS\STUDENT\DESKTOP\NEW FOLDER\TEAMPUZ\PUZENGINE\PUZENGINE\DEBUG\TILEFACTORY.OBJ
C:\Users\Student\Desktop\New folder\TeamPuz\PuzEngine\PuzEngine\Debug\vc100.idb
C:\USERS\STUDENT\DESKTOP\NEW FOLDER\TEAMPUZ\PUZENGINE\PUZENGINE\DEBUG\VC100.PDB
C:\USERS\STUDENT\DESKTOP\NEW FOLDER\TEAMPUZ\PUZENGINE\PUZENGINE\DEBUG\WHATWEDID.OBJ
C:\USERS\STUDENT\DESKTOP\NEW FOLDER\TEAMPUZ\PUZENGINE\PUZENGINE\DEBUG\WIN.OBJ
